  Date Library.cpp
C:\Users\mkiss\OneDrive\Bureau\Date Library\clsString.h(164,19): warning C4267: 'return': conversion from 'size_t' to 'short', possible loss of data
  (compiling source file 'Date%20Library.cpp')
  
C:\Users\mkiss\OneDrive\Bureau\Date Library\clsString.h(169,23): warning C4267: 'return': conversion from 'size_t' to 'short', possible loss of data
  (compiling source file 'Date%20Library.cpp')
  
C:\Users\mkiss\OneDrive\Bureau\Date Library\clsString.h(231,20): warning C4267: 'return': conversion from 'size_t' to 'short', possible loss of data
  (compiling source file 'Date%20Library.cpp')
  
C:\Users\mkiss\OneDrive\Bureau\Date Library\clsString.h(305,24): warning C4267: '=': conversion from 'size_t' to 'short', possible loss of data
  (compiling source file 'Date%20Library.cpp')
  
C:\Users\mkiss\OneDrive\Bureau\Date Library\clsString.h(337,24): warning C4267: '=': conversion from 'size_t' to 'short', possible loss of data
  (compiling source file 'Date%20Library.cpp')
  
C:\Users\mkiss\OneDrive\Bureau\Date Library\clsString.h(434,24): warning C4267: '=': conversion from 'size_t' to 'short', possible loss of data
  (compiling source file 'Date%20Library.cpp')
  
C:\Users\mkiss\OneDrive\Bureau\Date Library\clsString.h(478,16): warning C4267: 'initializing': conversion from 'size_t' to 'short', possible loss of data
  (compiling source file 'Date%20Library.cpp')
  
C:\Users\mkiss\OneDrive\Bureau\Date Library\clsString.h(566,13): warning C4267: 'initializing': conversion from 'size_t' to 'short', possible loss of data
  (compiling source file 'Date%20Library.cpp')
  
C:\Users\mkiss\OneDrive\Bureau\Date Library\clsString.h(572,17): warning C4267: '=': conversion from 'size_t' to 'short', possible loss of data
  (compiling source file 'Date%20Library.cpp')
  
  Date Library.vcxproj -> C:\Users\mkiss\OneDrive\Bureau\Date Library\x64\Debug\Date Library.exe
